2023-05-24T15:31:47.668-03:00  INFO 10932 --- [main] c.Q.S.SpringBootRestServiceIT            : Starting SpringBootRestServiceIT using Java 17.0.6 with PID 10932 (started by juran in C:\Users\juran\Downloads\Arquivos compactados\SpringBootRestService\SpringBootRestService)
2023-05-24T15:31:47.674-03:00  INFO 10932 --- [main] c.Q.S.SpringBootRestServiceIT            : The following 1 profile is active: "h2"
2023-05-24T15:31:48.110-03:00  INFO 10932 --- [main] .s.d.r.c.RepositoryConfigurationDelegate : Bootstrapping Spring Data JPA repositories in DEFAULT mode.
2023-05-24T15:31:48.158-03:00  INFO 10932 --- [main] .s.d.r.c.RepositoryConfigurationDelegate : Finished Spring Data repository scanning in 41 ms. Found 1 JPA repository interfaces.
2023-05-24T15:31:48.487-03:00  INFO 10932 --- [main] o.hibernate.jpa.internal.util.LogHelper  : HHH000204: Processing PersistenceUnitInfo [name: default]
2023-05-24T15:31:48.544-03:00  INFO 10932 --- [main] org.hibernate.Version                    : HHH000412: Hibernate ORM core version 6.1.7.Final
2023-05-24T15:31:48.804-03:00  INFO 10932 --- [main] com.zaxxer.hikari.HikariDataSource       : HikariPool-1 - Starting...
2023-05-24T15:31:48.941-03:00  INFO 10932 --- [main] com.zaxxer.hikari.pool.HikariPool        : HikariPool-1 - Added connection conn0: url=jdbc:h2:mem:testdb user=SA
2023-05-24T15:31:48.944-03:00  INFO 10932 --- [main] com.zaxxer.hikari.HikariDataSource       : HikariPool-1 - Start completed.
2023-05-24T15:31:48.964-03:00  WARN 10932 --- [main] org.hibernate.dialect.Dialect            : HHH000511: The 5.0.0 version for [org.hibernate.dialect.MySQL5Dialect] is no longer supported, hence certain features may not work properly. The minimum supported version is 5.7.0. Check the community dialects project for available legacy versions.
2023-05-24T15:31:48.966-03:00  INFO 10932 --- [main] SQL dialect                              : HHH000400: Using dialect: org.hibernate.dialect.MySQL5Dialect
2023-05-24T15:31:48.967-03:00  WARN 10932 --- [main] org.hibernate.orm.deprecation            : HHH90000026: MySQL5Dialect has been deprecated; use org.hibernate.dialect.MySQLDialect instead
2023-05-24T15:31:49.505-03:00  INFO 10932 --- [main] o.h.e.t.j.p.i.JtaPlatformInitiator       : HHH000490: Using JtaPlatform implementation: [org.hibernate.engine.transaction.jta.platform.internal.NoJtaPlatform]
2023-05-24T15:31:49.512-03:00  INFO 10932 --- [main] j.LocalContainerEntityManagerFactoryBean : Initialized JPA EntityManagerFactory for persistence unit 'default'
2023-05-24T15:31:49.846-03:00  WARN 10932 --- [main] JpaBaseConfiguration$JpaWebConfiguration : spring.jpa.open-in-view is enabled by default. Therefore, database queries may be performed during view rendering. Explicitly configure spring.jpa.open-in-view to disable this warning
2023-05-24T15:31:50.133-03:00  INFO 10932 --- [main] o.s.b.a.h2.H2ConsoleAutoConfiguration    : H2 console available at '/h2-console'. Database available at 'jdbc:h2:mem:testdb'
2023-05-24T15:31:50.208-03:00  INFO 10932 --- [main] c.Q.S.SpringBootRestServiceIT            : Started SpringBootRestServiceIT in 2.764 seconds (process running for 3.644)
2023-05-24T15:31:50.451-03:00  INFO 10932 --- [SpringApplicationShutdownHook] j.LocalContainerEntityManagerFactoryBean : Closing JPA EntityManagerFactory for persistence unit 'default'
2023-05-24T15:31:50.452-03:00  INFO 10932 --- [SpringApplicationShutdownHook] com.zaxxer.hikari.HikariDataSource       : HikariPool-1 - Shutdown initiated...
2023-05-24T15:31:50.454-03:00  INFO 10932 --- [SpringApplicationShutdownHook] com.zaxxer.hikari.HikariDataSource       : HikariPool-1 - Shutdown completed.
2023-05-24T15:32:08.820-03:00  INFO 2804 --- [main] c.Q.S.SpringBootRestServiceApplication   : Starting SpringBootRestServiceApplication using Java 17.0.6 with PID 2804 (C:\Users\juran\Downloads\Arquivos compactados\SpringBootRestService\SpringBootRestService\target\classes started by juran in C:\Users\juran\Downloads\Arquivos compactados\SpringBootRestService\SpringBootRestService)
2023-05-24T15:32:08.822-03:00  INFO 2804 --- [main] c.Q.S.SpringBootRestServiceApplication   : The following 1 profile is active: "h2"
2023-05-24T15:32:09.154-03:00  INFO 2804 --- [main] .s.d.r.c.RepositoryConfigurationDelegate : Bootstrapping Spring Data JPA repositories in DEFAULT mode.
2023-05-24T15:32:09.189-03:00  INFO 2804 --- [main] .s.d.r.c.RepositoryConfigurationDelegate : Finished Spring Data repository scanning in 29 ms. Found 1 JPA repository interfaces.
2023-05-24T15:32:09.469-03:00  INFO 2804 --- [main] o.s.b.w.embedded.tomcat.TomcatWebServer  : Tomcat initialized with port(s): 8080 (http)
2023-05-24T15:32:09.476-03:00  INFO 2804 --- [main] o.apache.catalina.core.StandardService   : Starting service [Tomcat]
2023-05-24T15:32:09.476-03:00  INFO 2804 --- [main] o.apache.catalina.core.StandardEngine    : Starting Servlet engine: [Apache Tomcat/10.1.7]
2023-05-24T15:32:09.545-03:00  INFO 2804 --- [main] o.a.c.c.C.[Tomcat].[localhost].[/]       : Initializing Spring embedded WebApplicationContext
2023-05-24T15:32:09.546-03:00  INFO 2804 --- [main] w.s.c.ServletWebServerApplicationContext : Root WebApplicationContext: initialization completed in 699 ms
2023-05-24T15:32:09.564-03:00  INFO 2804 --- [main] com.zaxxer.hikari.HikariDataSource       : HikariPool-1 - Starting...
2023-05-24T15:32:09.682-03:00  INFO 2804 --- [main] com.zaxxer.hikari.pool.HikariPool        : HikariPool-1 - Added connection conn0: url=jdbc:h2:mem:testdb user=SA
2023-05-24T15:32:09.683-03:00  INFO 2804 --- [main] com.zaxxer.hikari.HikariDataSource       : HikariPool-1 - Start completed.
2023-05-24T15:32:09.690-03:00  INFO 2804 --- [main] o.s.b.a.h2.H2ConsoleAutoConfiguration    : H2 console available at '/h2-console'. Database available at 'jdbc:h2:mem:testdb'
2023-05-24T15:32:09.756-03:00  INFO 2804 --- [main] o.hibernate.jpa.internal.util.LogHelper  : HHH000204: Processing PersistenceUnitInfo [name: default]
2023-05-24T15:32:09.785-03:00  INFO 2804 --- [main] org.hibernate.Version                    : HHH000412: Hibernate ORM core version 6.1.7.Final
2023-05-24T15:32:09.957-03:00  WARN 2804 --- [main] org.hibernate.dialect.Dialect            : HHH000511: The 5.0.0 version for [org.hibernate.dialect.MySQL5Dialect] is no longer supported, hence certain features may not work properly. The minimum supported version is 5.7.0. Check the community dialects project for available legacy versions.
2023-05-24T15:32:09.958-03:00  INFO 2804 --- [main] SQL dialect                              : HHH000400: Using dialect: org.hibernate.dialect.MySQL5Dialect
2023-05-24T15:32:09.958-03:00  WARN 2804 --- [main] org.hibernate.orm.deprecation            : HHH90000026: MySQL5Dialect has been deprecated; use org.hibernate.dialect.MySQLDialect instead
2023-05-24T15:32:10.372-03:00  INFO 2804 --- [main] o.h.e.t.j.p.i.JtaPlatformInitiator       : HHH000490: Using JtaPlatform implementation: [org.hibernate.engine.transaction.jta.platform.internal.NoJtaPlatform]
2023-05-24T15:32:10.378-03:00  INFO 2804 --- [main] j.LocalContainerEntityManagerFactoryBean : Initialized JPA EntityManagerFactory for persistence unit 'default'
2023-05-24T15:32:10.532-03:00  WARN 2804 --- [main] JpaBaseConfiguration$JpaWebConfiguration : spring.jpa.open-in-view is enabled by default. Therefore, database queries may be performed during view rendering. Explicitly configure spring.jpa.open-in-view to disable this warning
2023-05-24T15:32:10.721-03:00  INFO 2804 --- [main] o.s.b.w.embedded.tomcat.TomcatWebServer  : Tomcat started on port(s): 8080 (http) with context path ''
2023-05-24T15:32:10.726-03:00  INFO 2804 --- [main] c.Q.S.SpringBootRestServiceApplication   : Started SpringBootRestServiceApplication in 2.15 seconds (process running for 2.565)
2023-05-24T15:32:16.074-03:00  INFO 2804 --- [http-nio-8080-exec-1] o.a.c.c.C.[Tomcat].[localhost].[/]       : Initializing Spring DispatcherServlet 'dispatcherServlet'
2023-05-24T15:32:16.075-03:00  INFO 2804 --- [http-nio-8080-exec-1] o.s.web.servlet.DispatcherServlet        : Initializing Servlet 'dispatcherServlet'
2023-05-24T15:32:16.075-03:00  INFO 2804 --- [http-nio-8080-exec-1] o.s.web.servlet.DispatcherServlet        : Completed initialization in 0 ms
2023-05-24T15:34:06.612-03:00  INFO 340 --- [main] c.Q.S.SpringBootRestServiceIT            : Starting SpringBootRestServiceIT using Java 17.0.6 with PID 340 (started by juran in C:\Users\juran\Downloads\Arquivos compactados\SpringBootRestService\SpringBootRestService)
2023-05-24T15:34:06.613-03:00  INFO 340 --- [main] c.Q.S.SpringBootRestServiceIT            : The following 1 profile is active: "h2"
2023-05-24T15:34:07.002-03:00  INFO 340 --- [main] .s.d.r.c.RepositoryConfigurationDelegate : Bootstrapping Spring Data JPA repositories in DEFAULT mode.
2023-05-24T15:34:07.045-03:00  INFO 340 --- [main] .s.d.r.c.RepositoryConfigurationDelegate : Finished Spring Data repository scanning in 38 ms. Found 1 JPA repository interfaces.
2023-05-24T15:34:07.344-03:00  INFO 340 --- [main] o.hibernate.jpa.internal.util.LogHelper  : HHH000204: Processing PersistenceUnitInfo [name: default]
2023-05-24T15:34:07.398-03:00  INFO 340 --- [main] org.hibernate.Version                    : HHH000412: Hibernate ORM core version 6.1.7.Final
2023-05-24T15:34:07.621-03:00  INFO 340 --- [main] com.zaxxer.hikari.HikariDataSource       : HikariPool-1 - Starting...
2023-05-24T15:34:07.757-03:00  INFO 340 --- [main] com.zaxxer.hikari.pool.HikariPool        : HikariPool-1 - Added connection conn0: url=jdbc:h2:mem:testdb user=SA
2023-05-24T15:34:07.758-03:00  INFO 340 --- [main] com.zaxxer.hikari.HikariDataSource       : HikariPool-1 - Start completed.
2023-05-24T15:34:07.777-03:00  WARN 340 --- [main] org.hibernate.dialect.Dialect            : HHH000511: The 5.0.0 version for [org.hibernate.dialect.MySQL5Dialect] is no longer supported, hence certain features may not work properly. The minimum supported version is 5.7.0. Check the community dialects project for available legacy versions.
2023-05-24T15:34:07.779-03:00  INFO 340 --- [main] SQL dialect                              : HHH000400: Using dialect: org.hibernate.dialect.MySQL5Dialect
2023-05-24T15:34:07.780-03:00  WARN 340 --- [main] org.hibernate.orm.deprecation            : HHH90000026: MySQL5Dialect has been deprecated; use org.hibernate.dialect.MySQLDialect instead
2023-05-24T15:34:08.283-03:00  INFO 340 --- [main] o.h.e.t.j.p.i.JtaPlatformInitiator       : HHH000490: Using JtaPlatform implementation: [org.hibernate.engine.transaction.jta.platform.internal.NoJtaPlatform]
2023-05-24T15:34:08.289-03:00  INFO 340 --- [main] j.LocalContainerEntityManagerFactoryBean : Initialized JPA EntityManagerFactory for persistence unit 'default'
2023-05-24T15:34:08.595-03:00  WARN 340 --- [main] JpaBaseConfiguration$JpaWebConfiguration : spring.jpa.open-in-view is enabled by default. Therefore, database queries may be performed during view rendering. Explicitly configure spring.jpa.open-in-view to disable this warning
2023-05-24T15:34:08.847-03:00  INFO 340 --- [main] o.s.b.a.h2.H2ConsoleAutoConfiguration    : H2 console available at '/h2-console'. Database available at 'jdbc:h2:mem:testdb'
2023-05-24T15:34:08.914-03:00  INFO 340 --- [main] c.Q.S.SpringBootRestServiceIT            : Started SpringBootRestServiceIT in 2.525 seconds (process running for 3.232)
2023-05-24T15:34:09.142-03:00  INFO 340 --- [SpringApplicationShutdownHook] j.LocalContainerEntityManagerFactoryBean : Closing JPA EntityManagerFactory for persistence unit 'default'
2023-05-24T15:34:09.143-03:00  INFO 340 --- [SpringApplicationShutdownHook] com.zaxxer.hikari.HikariDataSource       : HikariPool-1 - Shutdown initiated...
2023-05-24T15:34:09.145-03:00  INFO 340 --- [SpringApplicationShutdownHook] com.zaxxer.hikari.HikariDataSource       : HikariPool-1 - Shutdown completed.
